<?xml version="1.0" encoding="UTF-8"?>
<testsuite name="login.LoginTest" tests="1" skipped="0" failures="0" errors="0" timestamp="2021-06-24T18:47:25" hostname="Phis-MacBook-Pro.local" time="0.084">
  <properties/>
  <testcase name="authenticateUser()" classname="login.LoginTest" time="0.084"/>
  <system-out><![CDATA[]]></system-out>
  <system-err><![CDATA[]]></system-err>
</testsuite>
